{
  "RSpec": {
    "coverage": {
      "/Users/student/Documents/Makers/Week_4/afternoon_challenge/bookmark_app/spec/bookmark_spec.rb": [
        1,
        null,
        1,
        2,
        null,
        1,
        1,
        1,
        1,
        1,
        null,
        null
      ],
      "/Users/student/Documents/Makers/Week_4/afternoon_challenge/bookmark_app/lib/bookmark.rb": [
        1,
        null,
        1,
        null,
        1,
        4,
        4,
        20,
        null,
        null,
        null
      ],
      "/Users/student/Documents/Makers/Week_4/afternoon_challenge/bookmark_app/spec/features/features_spec.rb": [
        null,
        null,
        null,
        1,
        null,
        1,
        1,
        1,
        null,
        null,
        1,
        1,
        1,
        1,
        1,
        1,
        null,
        null,
        null,
        null,
        null,
        null,
        1,
        1,
        null,
        null,
        null
      ]
    },
    "timestamp": 1572883439
  }
}
