{
  "RSpec": {
    "coverage": {
      "/Users/student/Documents/Makers/Week_4/afternoon_challenge/bookmark_app/spec/bookmark_spec.rb": [
        1,
        null,
        1,
        3,
        1,
        1,
        null,
        1,
        null,
        1,
        1,
        1,
        null,
        1,
        1,
        1,
        1,
        null,
        null,
        null,
        1,
        1,
        1,
        1,
        null,
        null,
        null,
        null
      ],
      "/Users/student/Documents/Makers/Week_4/afternoon_challenge/bookmark_app/lib/bookmark.rb": [
        1,
        null,
        1,
        null,
        1,
        4,
        4,
        null,
        0,
        null,
        null,
        4,
        17,
        null,
        null,
        1,
        1,
        1,
        null,
        0,
        null,
        1,
        null,
        null,
        null
      ],
      "/Users/student/Documents/Makers/Week_4/afternoon_challenge/bookmark_app/spec/features/adding_bookmarks_spec.rb": [
        null,
        null,
        null,
        1,
        1,
        1,
        1,
        1,
        1,
        null,
        null
      ],
      "/Users/student/Documents/Makers/Week_4/afternoon_challenge/bookmark_app/spec/features/deleting_bookmarks_spec.rb": [
        null,
        null,
        null,
        1,
        1,
        1,
        null,
        null,
        null,
        null,
        null,
        null,
        null,
        null,
        null,
        null,
        null,
        null,
        null,
        null,
        null,
        null,
        null,
        null,
        null,
        null,
        null,
        null,
        null
      ],
      "/Users/student/Documents/Makers/Week_4/afternoon_challenge/bookmark_app/spec/features/viewing_bookmarks_spec.rb": [
        null,
        null,
        null,
        1,
        null,
        1,
        1,
        1,
        null,
        null,
        1,
        1,
        1,
        1,
        1,
        1,
        1,
        1,
        1,
        null,
        null
      ]
    },
    "timestamp": 1572960851
  }
}
